Determining if the pthread_create exist failed with the following output:
Change Dir: /home/simon/CLionProjects/img_from_ply/cmake-build-debug/CMakeFiles/CMakeTmp

Run Build Command(s):/usr/bin/make cmTC_dbd92/fast 
/usr/bin/make -f CMakeFiles/cmTC_dbd92.dir/build.make CMakeFiles/cmTC_dbd92.dir/build
make[1]: Entering directory '/home/simon/CLionProjects/img_from_ply/cmake-build-debug/CMakeFiles/CMakeTmp'
Building C object CMakeFiles/cmTC_dbd92.dir/CheckSymbolExists.c.o
/usr/bin/cc    -o CMakeFiles/cmTC_dbd92.dir/CheckSymbolExists.c.o   -c /home/simon/CLionProjects/img_from_ply/cmake-build-debug/CMakeFiles/CMakeTmp/CheckSymbolExists.c
Linking C executable cmTC_dbd92
/snap/clion/81/bin/cmake/linux/bin/cmake -E cmake_link_script CMakeFiles/cmTC_dbd92.dir/link.txt --verbose=1
/usr/bin/cc      -rdynamic CMakeFiles/cmTC_dbd92.dir/CheckSymbolExists.c.o  -o cmTC_dbd92 
CMakeFiles/cmTC_dbd92.dir/CheckSymbolExists.c.o: In function `main':
CheckSymbolExists.c:(.text+0x16): undefined reference to `pthread_create'
collect2: error: ld returned 1 exit status
CMakeFiles/cmTC_dbd92.dir/build.make:86: recipe for target 'cmTC_dbd92' failed
make[1]: *** [cmTC_dbd92] Error 1
make[1]: Leaving directory '/home/simon/CLionProjects/img_from_ply/cmake-build-debug/CMakeFiles/CMakeTmp'
Makefile:121: recipe for target 'cmTC_dbd92/fast' failed
make: *** [cmTC_dbd92/fast] Error 2

File /home/simon/CLionProjects/img_from_ply/cmake-build-debug/CMakeFiles/CMakeTmp/CheckSymbolExists.c:
/* */
#include <pthread.h>

int main(int argc, char** argv)
{
  (void)argv;
#ifndef pthread_create
  return ((int*)(&pthread_create))[argc];
#else
  (void)argc;
  return 0;
#endif
}

Determining if the function pthread_create exists in the pthreads failed with the following output:
Change Dir: /home/simon/CLionProjects/img_from_ply/cmake-build-debug/CMakeFiles/CMakeTmp

Run Build Command(s):/usr/bin/make cmTC_ea772/fast 
/usr/bin/make -f CMakeFiles/cmTC_ea772.dir/build.make CMakeFiles/cmTC_ea772.dir/build
make[1]: Entering directory '/home/simon/CLionProjects/img_from_ply/cmake-build-debug/CMakeFiles/CMakeTmp'
Building C object CMakeFiles/cmTC_ea772.dir/CheckFunctionExists.c.o
/usr/bin/cc   -DCHECK_FUNCTION_EXISTS=pthread_create   -o CMakeFiles/cmTC_ea772.dir/CheckFunctionExists.c.o   -c /snap/clion/81/bin/cmake/linux/share/cmake-3.14/Modules/CheckFunctionExists.c
Linking C executable cmTC_ea772
/snap/clion/81/bin/cmake/linux/bin/cmake -E cmake_link_script CMakeFiles/cmTC_ea772.dir/link.txt --verbose=1
/usr/bin/cc  -DCHECK_FUNCTION_EXISTS=pthread_create    -rdynamic CMakeFiles/cmTC_ea772.dir/CheckFunctionExists.c.o  -o cmTC_ea772 -lpthreads 
/usr/bin/ld: cannot find -lpthreads
collect2: error: ld returned 1 exit status
CMakeFiles/cmTC_ea772.dir/build.make:86: recipe for target 'cmTC_ea772' failed
make[1]: *** [cmTC_ea772] Error 1
make[1]: Leaving directory '/home/simon/CLionProjects/img_from_ply/cmake-build-debug/CMakeFiles/CMakeTmp'
Makefile:121: recipe for target 'cmTC_ea772/fast' failed
make: *** [cmTC_ea772/fast] Error 2


